<?xml version="1.0" encoding="UTF-8"?>
<testsuite name="MyFirstProjectTest" tests="1" skipped="0" failures="0" errors="0" timestamp="2024-01-25T16:43:40" hostname="macbook-pro-uzivatela-cuninka.home" time="0.198">
  <properties/>
  <testcase name="start" classname="MyFirstProjectTest" time="0.198"/>
  <system-out><![CDATA[?[1;31m
Start test 1?[0m
Prices:
Pancake: 3.2
Doughnut: 2.5
Toffee: 0.2
Milk chocolate: 4.0
Ice cream: 5.0
Bubblegum: 2.0
]]></system-out>
  <system-err><![CDATA[]]></system-err>
</testsuite>
